Analysis & Synthesis report for vga_display
Sat Jun 01 12:58:44 2024
Quartus II 64-Bit Version 13.0.1 Build 232 06/12/2013 Service Pack 1 SJ Web Edition


---------------------
; Table of Contents ;
---------------------
  1. Legal Notice
  2. Analysis & Synthesis Summary
  3. Analysis & Synthesis Settings
  4. Parallel Compilation
  5. Analysis & Synthesis Source Files Read
  6. Analysis & Synthesis Resource Usage Summary
  7. Analysis & Synthesis Resource Utilization by Entity
  8. Analysis & Synthesis RAM Summary
  9. State Machine - |top_module|spi_master:spi_unit|state
 10. Registers Removed During Synthesis
 11. General Register Statistics
 12. Inverted Register Statistics
 13. Registers Added for RAM Pass-Through Logic
 14. Multiplexer Restructuring Statistics (Restructuring Performed)
 15. Source assignments for vga_display:display_unit|altsyncram:text_buffer_rtl_0|altsyncram_mpg1:auto_generated
 16. Parameter Settings for Inferred Entity Instance: vga_display:display_unit|altsyncram:text_buffer_rtl_0
 17. Parameter Settings for Inferred Entity Instance: vga_display:display_unit|lpm_divide:Mod0
 18. altsyncram Parameter Settings by Entity Instance
 19. Port Connectivity Checks: "vga_display:display_unit|font_rom:font_unit"
 20. Port Connectivity Checks: "vga_display:display_unit|vga_sync:sync_unit"
 21. Elapsed Time Per Partition
 22. Analysis & Synthesis Messages
 23. Analysis & Synthesis Suppressed Messages



----------------
; Legal Notice ;
----------------
Copyright (C) 1991-2013 Altera Corporation
Your use of Altera Corporation's design tools, logic functions 
and other software and tools, and its AMPP partner logic 
functions, and any output files from any of the foregoing 
(including device programming or simulation files), and any 
associated documentation or information are expressly subject 
to the terms and conditions of the Altera Program License 
Subscription Agreement, Altera MegaCore Function License 
Agreement, or other applicable license agreement, including, 
without limitation, that your use is for the sole purpose of 
programming logic devices manufactured by Altera and sold by 
Altera or its authorized distributors.  Please refer to the 
applicable agreement for further details.



+--------------------------------------------------------------------------------------+
; Analysis & Synthesis Summary                                                         ;
+------------------------------------+-------------------------------------------------+
; Analysis & Synthesis Status        ; Successful - Sat Jun 01 12:58:44 2024           ;
; Quartus II 64-Bit Version          ; 13.0.1 Build 232 06/12/2013 SP 1 SJ Web Edition ;
; Revision Name                      ; vga_display                                     ;
; Top-level Entity Name              ; top_module                                      ;
; Family                             ; Cyclone IV E                                    ;
; Total logic elements               ; 224                                             ;
;     Total combinational functions  ; 188                                             ;
;     Dedicated logic registers      ; 86                                              ;
; Total registers                    ; 86                                              ;
; Total pins                         ; 10                                              ;
; Total virtual pins                 ; 0                                               ;
; Total memory bits                  ; 320                                             ;
; Embedded Multiplier 9-bit elements ; 0                                               ;
; Total PLLs                         ; 0                                               ;
+------------------------------------+-------------------------------------------------+


+----------------------------------------------------------------------------------------------------------------------+
; Analysis & Synthesis Settings                                                                                        ;
+----------------------------------------------------------------------------+--------------------+--------------------+
; Option                                                                     ; Setting            ; Default Value      ;
+----------------------------------------------------------------------------+--------------------+--------------------+
; Device                                                                     ; EP4CE6E22C8        ;                    ;
; Top-level entity name                                                      ; top_module         ; vga_display        ;
; Family name                                                                ; Cyclone IV E       ; Cyclone IV GX      ;
; Use smart compilation                                                      ; Off                ; Off                ;
; Enable parallel Assembler and TimeQuest Timing Analyzer during compilation ; On                 ; On                 ;
; Enable compact report table                                                ; Off                ; Off                ;
; Restructure Multiplexers                                                   ; Auto               ; Auto               ;
; Create Debugging Nodes for IP Cores                                        ; Off                ; Off                ;
; Preserve fewer node names                                                  ; On                 ; On                 ;
; Disable OpenCore Plus hardware evaluation                                  ; Off                ; Off                ;
; Verilog Version                                                            ; Verilog_2001       ; Verilog_2001       ;
; VHDL Version                                                               ; VHDL_1993          ; VHDL_1993          ;
; State Machine Processing                                                   ; Auto               ; Auto               ;
; Safe State Machine                                                         ; Off                ; Off                ;
; Extract Verilog State Machines                                             ; On                 ; On                 ;
; Extract VHDL State Machines                                                ; On                 ; On                 ;
; Ignore Verilog initial constructs                                          ; Off                ; Off                ;
; Iteration limit for constant Verilog loops                                 ; 5000               ; 5000               ;
; Iteration limit for non-constant Verilog loops                             ; 250                ; 250                ;
; Add Pass-Through Logic to Inferred RAMs                                    ; On                 ; On                 ;
; Infer RAMs from Raw Logic                                                  ; On                 ; On                 ;
; Parallel Synthesis                                                         ; On                 ; On                 ;
; DSP Block Balancing                                                        ; Auto               ; Auto               ;
; NOT Gate Push-Back                                                         ; On                 ; On                 ;
; Power-Up Don't Care                                                        ; On                 ; On                 ;
; Remove Redundant Logic Cells                                               ; Off                ; Off                ;
; Remove Duplicate Registers                                                 ; On                 ; On                 ;
; Ignore CARRY Buffers                                                       ; Off                ; Off                ;
; Ignore CASCADE Buffers                                                     ; Off                ; Off                ;
; Ignore GLOBAL Buffers                                                      ; Off                ; Off                ;
; Ignore ROW GLOBAL Buffers                                                  ; Off                ; Off                ;
; Ignore LCELL Buffers                                                       ; Off                ; Off                ;
; Ignore SOFT Buffers                                                        ; On                 ; On                 ;
; Limit AHDL Integers to 32 Bits                                             ; Off                ; Off                ;
; Optimization Technique                                                     ; Balanced           ; Balanced           ;
; Carry Chain Length                                                         ; 70                 ; 70                 ;
; Auto Carry Chains                                                          ; On                 ; On                 ;
; Auto Open-Drain Pins                                                       ; On                 ; On                 ;
; Perform WYSIWYG Primitive Resynthesis                                      ; Off                ; Off                ;
; Auto ROM Replacement                                                       ; On                 ; On                 ;
; Auto RAM Replacement                                                       ; On                 ; On                 ;
; Auto DSP Block Replacement                                                 ; On                 ; On                 ;
; Auto Shift Register Replacement                                            ; Auto               ; Auto               ;
; Allow Shift Register Merging across Hierarchies                            ; Auto               ; Auto               ;
; Auto Clock Enable Replacement                                              ; On                 ; On                 ;
; Strict RAM Replacement                                                     ; Off                ; Off                ;
; Allow Synchronous Control Signals                                          ; On                 ; On                 ;
; Force Use of Synchronous Clear Signals                                     ; Off                ; Off                ;
; Auto RAM Block Balancing                                                   ; On                 ; On                 ;
; Auto RAM to Logic Cell Conversion                                          ; Off                ; Off                ;
; Auto Resource Sharing                                                      ; Off                ; Off                ;
; Allow Any RAM Size For Recognition                                         ; Off                ; Off                ;
; Allow Any ROM Size For Recognition                                         ; Off                ; Off                ;
; Allow Any Shift Register Size For Recognition                              ; Off                ; Off                ;
; Use LogicLock Constraints during Resource Balancing                        ; On                 ; On                 ;
; Ignore translate_off and synthesis_off directives                          ; Off                ; Off                ;
; Timing-Driven Synthesis                                                    ; On                 ; On                 ;
; Report Parameter Settings                                                  ; On                 ; On                 ;
; Report Source Assignments                                                  ; On                 ; On                 ;
; Report Connectivity Checks                                                 ; On                 ; On                 ;
; Ignore Maximum Fan-Out Assignments                                         ; Off                ; Off                ;
; Synchronization Register Chain Length                                      ; 2                  ; 2                  ;
; PowerPlay Power Optimization                                               ; Normal compilation ; Normal compilation ;
; HDL message level                                                          ; Level2             ; Level2             ;
; Suppress Register Optimization Related Messages                            ; Off                ; Off                ;
; Number of Removed Registers Reported in Synthesis Report                   ; 5000               ; 5000               ;
; Number of Swept Nodes Reported in Synthesis Report                         ; 5000               ; 5000               ;
; Number of Inverted Registers Reported in Synthesis Report                  ; 100                ; 100                ;
; Clock MUX Protection                                                       ; On                 ; On                 ;
; Auto Gated Clock Conversion                                                ; Off                ; Off                ;
; Block Design Naming                                                        ; Auto               ; Auto               ;
; SDC constraint protection                                                  ; Off                ; Off                ;
; Synthesis Effort                                                           ; Auto               ; Auto               ;
; Shift Register Replacement - Allow Asynchronous Clear Signal               ; On                 ; On                 ;
; Pre-Mapping Resynthesis Optimization                                       ; Off                ; Off                ;
; Analysis & Synthesis Message Level                                         ; Medium             ; Medium             ;
; Disable Register Merging Across Hierarchies                                ; Auto               ; Auto               ;
; Resource Aware Inference For Block RAM                                     ; On                 ; On                 ;
; Synthesis Seed                                                             ; 1                  ; 1                  ;
+----------------------------------------------------------------------------+--------------------+--------------------+


Parallel compilation was disabled, but you have multiple processors available. Enable parallel compilation to reduce compilation time.
+-------------------------------------+
; Parallel Compilation                ;
+----------------------------+--------+
; Processors                 ; Number ;
+----------------------------+--------+
; Number detected on machine ; 8      ;
; Maximum allowed            ; 1      ;
+----------------------------+--------+


+-----------------------------------------------------------------------------------------------------------------------------------------------------------------------+
; Analysis & Synthesis Source Files Read                                                                                                                                ;
+----------------------------------+-----------------+------------------------------+-------------------------------------------------------------------------+---------+
; File Name with User-Entered Path ; Used in Netlist ; File Type                    ; File Name with Absolute Path                                            ; Library ;
+----------------------------------+-----------------+------------------------------+-------------------------------------------------------------------------+---------+
; vga_display.v                    ; yes             ; User Verilog HDL File        ; D:/Kursach/Test VGA/vga_display.v                                       ;         ;
; vga_sync.v                       ; yes             ; User Verilog HDL File        ; D:/Kursach/Test VGA/vga_sync.v                                          ;         ;
; font_rom.v                       ; yes             ; User Verilog HDL File        ; D:/Kursach/Test VGA/font_rom.v                                          ;         ;
; top_module.v                     ; yes             ; User Verilog HDL File        ; D:/Kursach/Test VGA/top_module.v                                        ;         ;
; spi_master.v                     ; yes             ; Auto-Found Verilog HDL File  ; D:/Kursach/Test VGA/spi_master.v                                        ;         ;
; clk_divider.v                    ; yes             ; Auto-Found Verilog HDL File  ; D:/Kursach/Test VGA/clk_divider.v                                       ;         ;
; altsyncram.tdf                   ; yes             ; Megafunction                 ; c:/altera/13.0sp1/quartus/libraries/megafunctions/altsyncram.tdf        ;         ;
; stratix_ram_block.inc            ; yes             ; Megafunction                 ; c:/altera/13.0sp1/quartus/libraries/megafunctions/stratix_ram_block.inc ;         ;
; lpm_mux.inc                      ; yes             ; Megafunction                 ; c:/altera/13.0sp1/quartus/libraries/megafunctions/lpm_mux.inc           ;         ;
; lpm_decode.inc                   ; yes             ; Megafunction                 ; c:/altera/13.0sp1/quartus/libraries/megafunctions/lpm_decode.inc        ;         ;
; aglobal130.inc                   ; yes             ; Megafunction                 ; c:/altera/13.0sp1/quartus/libraries/megafunctions/aglobal130.inc        ;         ;
; a_rdenreg.inc                    ; yes             ; Megafunction                 ; c:/altera/13.0sp1/quartus/libraries/megafunctions/a_rdenreg.inc         ;         ;
; altrom.inc                       ; yes             ; Megafunction                 ; c:/altera/13.0sp1/quartus/libraries/megafunctions/altrom.inc            ;         ;
; altram.inc                       ; yes             ; Megafunction                 ; c:/altera/13.0sp1/quartus/libraries/megafunctions/altram.inc            ;         ;
; altdpram.inc                     ; yes             ; Megafunction                 ; c:/altera/13.0sp1/quartus/libraries/megafunctions/altdpram.inc          ;         ;
; db/altsyncram_mpg1.tdf           ; yes             ; Auto-Generated Megafunction  ; D:/Kursach/Test VGA/db/altsyncram_mpg1.tdf                              ;         ;
; lpm_divide.tdf                   ; yes             ; Megafunction                 ; c:/altera/13.0sp1/quartus/libraries/megafunctions/lpm_divide.tdf        ;         ;
; abs_divider.inc                  ; yes             ; Megafunction                 ; c:/altera/13.0sp1/quartus/libraries/megafunctions/abs_divider.inc       ;         ;
; sign_div_unsign.inc              ; yes             ; Megafunction                 ; c:/altera/13.0sp1/quartus/libraries/megafunctions/sign_div_unsign.inc   ;         ;
; db/lpm_divide_p9m.tdf            ; yes             ; Auto-Generated Megafunction  ; D:/Kursach/Test VGA/db/lpm_divide_p9m.tdf                               ;         ;
; db/sign_div_unsign_ekh.tdf       ; yes             ; Auto-Generated Megafunction  ; D:/Kursach/Test VGA/db/sign_div_unsign_ekh.tdf                          ;         ;
; db/alt_u_div_g4f.tdf             ; yes             ; Auto-Generated Megafunction  ; D:/Kursach/Test VGA/db/alt_u_div_g4f.tdf                                ;         ;
; db/add_sub_7pc.tdf               ; yes             ; Auto-Generated Megafunction  ; D:/Kursach/Test VGA/db/add_sub_7pc.tdf                                  ;         ;
; db/add_sub_8pc.tdf               ; yes             ; Auto-Generated Megafunction  ; D:/Kursach/Test VGA/db/add_sub_8pc.tdf                                  ;         ;
+----------------------------------+-----------------+------------------------------+-------------------------------------------------------------------------+---------+


+----------------------------------------------------------------------------------------------------+
; Analysis & Synthesis Resource Usage Summary                                                        ;
+---------------------------------------------+------------------------------------------------------+
; Resource                                    ; Usage                                                ;
+---------------------------------------------+------------------------------------------------------+
; Estimated Total logic elements              ; 224                                                  ;
;                                             ;                                                      ;
; Total combinational functions               ; 188                                                  ;
; Logic element usage by number of LUT inputs ;                                                      ;
;     -- 4 input functions                    ; 101                                                  ;
;     -- 3 input functions                    ; 27                                                   ;
;     -- <=2 input functions                  ; 60                                                   ;
;                                             ;                                                      ;
; Logic elements by mode                      ;                                                      ;
;     -- normal mode                          ; 157                                                  ;
;     -- arithmetic mode                      ; 31                                                   ;
;                                             ;                                                      ;
; Total registers                             ; 86                                                   ;
;     -- Dedicated logic registers            ; 86                                                   ;
;     -- I/O registers                        ; 0                                                    ;
;                                             ;                                                      ;
; I/O pins                                    ; 10                                                   ;
; Total memory bits                           ; 320                                                  ;
; Embedded Multiplier 9-bit elements          ; 0                                                    ;
; Maximum fan-out node                        ; vga_display:display_unit|clk_divider:divider|clk_out ;
; Maximum fan-out                             ; 63                                                   ;
; Total fan-out                               ; 892                                                  ;
; Average fan-out                             ; 2.99                                                 ;
+---------------------------------------------+------------------------------------------------------+


+-------------------------------------------------------------------------------------------------------------------------------------------------------------------------------------------------------------------------------------------------------------------------------------------------------------+
; Analysis & Synthesis Resource Utilization by Entity                                                                                                                                                                                                                                                         ;
+-------------------------------------------+-------------------+--------------+-------------+--------------+---------+-----------+------+--------------+--------------------------------------------------------------------------------------------------------------------------------------+--------------+
; Compilation Hierarchy Node                ; LC Combinationals ; LC Registers ; Memory Bits ; DSP Elements ; DSP 9x9 ; DSP 18x18 ; Pins ; Virtual Pins ; Full Hierarchy Name                                                                                                                  ; Library Name ;
+-------------------------------------------+-------------------+--------------+-------------+--------------+---------+-----------+------+--------------+--------------------------------------------------------------------------------------------------------------------------------------+--------------+
; |top_module                               ; 188 (2)           ; 86 (1)       ; 320         ; 0            ; 0       ; 0         ; 10   ; 0            ; |top_module                                                                                                                          ; work         ;
;    |spi_master:spi_unit|                  ; 31 (31)           ; 24 (24)      ; 0           ; 0            ; 0       ; 0         ; 0    ; 0            ; |top_module|spi_master:spi_unit                                                                                                      ; work         ;
;    |vga_display:display_unit|             ; 155 (41)          ; 61 (39)      ; 320         ; 0            ; 0       ; 0         ; 0    ; 0            ; |top_module|vga_display:display_unit                                                                                                 ; work         ;
;       |altsyncram:text_buffer_rtl_0|      ; 0 (0)             ; 0 (0)        ; 320         ; 0            ; 0       ; 0         ; 0    ; 0            ; |top_module|vga_display:display_unit|altsyncram:text_buffer_rtl_0                                                                    ; work         ;
;          |altsyncram_mpg1:auto_generated| ; 0 (0)             ; 0 (0)        ; 320         ; 0            ; 0       ; 0         ; 0    ; 0            ; |top_module|vga_display:display_unit|altsyncram:text_buffer_rtl_0|altsyncram_mpg1:auto_generated                                     ; work         ;
;       |clk_divider:divider|               ; 1 (1)             ; 2 (2)        ; 0           ; 0            ; 0       ; 0         ; 0    ; 0            ; |top_module|vga_display:display_unit|clk_divider:divider                                                                             ; work         ;
;       |font_rom:font_unit|                ; 50 (50)           ; 0 (0)        ; 0           ; 0            ; 0       ; 0         ; 0    ; 0            ; |top_module|vga_display:display_unit|font_rom:font_unit                                                                              ; work         ;
;       |lpm_divide:Mod0|                   ; 20 (0)            ; 0 (0)        ; 0           ; 0            ; 0       ; 0         ; 0    ; 0            ; |top_module|vga_display:display_unit|lpm_divide:Mod0                                                                                 ; work         ;
;          |lpm_divide_p9m:auto_generated|  ; 20 (0)            ; 0 (0)        ; 0           ; 0            ; 0       ; 0         ; 0    ; 0            ; |top_module|vga_display:display_unit|lpm_divide:Mod0|lpm_divide_p9m:auto_generated                                                   ; work         ;
;             |sign_div_unsign_ekh:divider| ; 20 (0)            ; 0 (0)        ; 0           ; 0            ; 0       ; 0         ; 0    ; 0            ; |top_module|vga_display:display_unit|lpm_divide:Mod0|lpm_divide_p9m:auto_generated|sign_div_unsign_ekh:divider                       ; work         ;
;                |alt_u_div_g4f:divider|    ; 20 (20)           ; 0 (0)        ; 0           ; 0            ; 0       ; 0         ; 0    ; 0            ; |top_module|vga_display:display_unit|lpm_divide:Mod0|lpm_divide_p9m:auto_generated|sign_div_unsign_ekh:divider|alt_u_div_g4f:divider ; work         ;
;       |vga_sync:sync_unit|                ; 43 (43)           ; 20 (20)      ; 0           ; 0            ; 0       ; 0         ; 0    ; 0            ; |top_module|vga_display:display_unit|vga_sync:sync_unit                                                                              ; work         ;
+-------------------------------------------+-------------------+--------------+-------------+--------------+---------+-----------+------+--------------+--------------------------------------------------------------------------------------------------------------------------------------+--------------+
Note: For table entries with two numbers listed, the numbers in parentheses indicate the number of resources of the given type used by the specific entity alone. The numbers listed outside of parentheses indicate the total resources of the given type used by the specific entity and all of its sub-entities in the hierarchy.


+-----------------------------------------------------------------------------------------------------------------------------------------------------------------------------------------------------+
; Analysis & Synthesis RAM Summary                                                                                                                                                                    ;
+-------------------------------------------------------------------------------------------------+------+------------------+--------------+--------------+--------------+--------------+------+------+
; Name                                                                                            ; Type ; Mode             ; Port A Depth ; Port A Width ; Port B Depth ; Port B Width ; Size ; MIF  ;
+-------------------------------------------------------------------------------------------------+------+------------------+--------------+--------------+--------------+--------------+------+------+
; vga_display:display_unit|altsyncram:text_buffer_rtl_0|altsyncram_mpg1:auto_generated|ALTSYNCRAM ; AUTO ; Simple Dual Port ; 80           ; 4            ; 80           ; 4            ; 320  ; None ;
+-------------------------------------------------------------------------------------------------+------+------------------+--------------+--------------+--------------+--------------+------+------+


Encoding Type:  One-Hot
+-----------------------------------------------------------+
; State Machine - |top_module|spi_master:spi_unit|state     ;
+----------------+------------+------------+----------------+
; Name           ; state.IDLE ; state.DONE ; state.TRANSFER ;
+----------------+------------+------------+----------------+
; state.IDLE     ; 0          ; 0          ; 0              ;
; state.TRANSFER ; 1          ; 0          ; 1              ;
; state.DONE     ; 1          ; 1          ; 0              ;
+----------------+------------+------------+----------------+


+------------------------------------------------------------------------------------------------------+
; Registers Removed During Synthesis                                                                   ;
+-------------------------------------------------------------+----------------------------------------+
; Register name                                               ; Reason for Removal                     ;
+-------------------------------------------------------------+----------------------------------------+
; start                                                       ; Merged with new_data                   ;
; vga_display:display_unit|text_buffer_rtl_0_bypass[10,12,14] ; Stuck at GND due to stuck port data_in ;
; Total Number of Removed Registers = 4                       ;                                        ;
+-------------------------------------------------------------+----------------------------------------+


+------------------------------------------------------+
; General Register Statistics                          ;
+----------------------------------------------+-------+
; Statistic                                    ; Value ;
+----------------------------------------------+-------+
; Total registers                              ; 86    ;
; Number of registers using Synchronous Clear  ; 10    ;
; Number of registers using Synchronous Load   ; 0     ;
; Number of registers using Asynchronous Clear ; 0     ;
; Number of registers using Asynchronous Load  ; 0     ;
; Number of registers using Clock Enable       ; 41    ;
; Number of registers using Preset             ; 0     ;
+----------------------------------------------+-------+


+--------------------------------------------------+
; Inverted Register Statistics                     ;
+----------------------------------------+---------+
; Inverted Register                      ; Fan out ;
+----------------------------------------+---------+
; new_data                               ; 7       ;
; Total number of inverted registers = 1 ;         ;
+----------------------------------------+---------+


+----------------------------------------------------------------------------------------------------+
; Registers Added for RAM Pass-Through Logic                                                         ;
+-------------------------------------------------------+--------------------------------------------+
; Register Name                                         ; RAM Name                                   ;
+-------------------------------------------------------+--------------------------------------------+
; vga_display:display_unit|text_buffer_rtl_0_bypass[0]  ; vga_display:display_unit|text_buffer_rtl_0 ;
; vga_display:display_unit|text_buffer_rtl_0_bypass[1]  ; vga_display:display_unit|text_buffer_rtl_0 ;
; vga_display:display_unit|text_buffer_rtl_0_bypass[2]  ; vga_display:display_unit|text_buffer_rtl_0 ;
; vga_display:display_unit|text_buffer_rtl_0_bypass[3]  ; vga_display:display_unit|text_buffer_rtl_0 ;
; vga_display:display_unit|text_buffer_rtl_0_bypass[4]  ; vga_display:display_unit|text_buffer_rtl_0 ;
; vga_display:display_unit|text_buffer_rtl_0_bypass[5]  ; vga_display:display_unit|text_buffer_rtl_0 ;
; vga_display:display_unit|text_buffer_rtl_0_bypass[6]  ; vga_display:display_unit|text_buffer_rtl_0 ;
; vga_display:display_unit|text_buffer_rtl_0_bypass[7]  ; vga_display:display_unit|text_buffer_rtl_0 ;
; vga_display:display_unit|text_buffer_rtl_0_bypass[8]  ; vga_display:display_unit|text_buffer_rtl_0 ;
; vga_display:display_unit|text_buffer_rtl_0_bypass[9]  ; vga_display:display_unit|text_buffer_rtl_0 ;
; vga_display:display_unit|text_buffer_rtl_0_bypass[10] ; vga_display:display_unit|text_buffer_rtl_0 ;
; vga_display:display_unit|text_buffer_rtl_0_bypass[11] ; vga_display:display_unit|text_buffer_rtl_0 ;
; vga_display:display_unit|text_buffer_rtl_0_bypass[12] ; vga_display:display_unit|text_buffer_rtl_0 ;
; vga_display:display_unit|text_buffer_rtl_0_bypass[13] ; vga_display:display_unit|text_buffer_rtl_0 ;
; vga_display:display_unit|text_buffer_rtl_0_bypass[14] ; vga_display:display_unit|text_buffer_rtl_0 ;
; vga_display:display_unit|text_buffer_rtl_0_bypass[15] ; vga_display:display_unit|text_buffer_rtl_0 ;
; vga_display:display_unit|text_buffer_rtl_0_bypass[16] ; vga_display:display_unit|text_buffer_rtl_0 ;
; vga_display:display_unit|text_buffer_rtl_0_bypass[17] ; vga_display:display_unit|text_buffer_rtl_0 ;
; vga_display:display_unit|text_buffer_rtl_0_bypass[18] ; vga_display:display_unit|text_buffer_rtl_0 ;
+-------------------------------------------------------+--------------------------------------------+


+------------------------------------------------------------------------------------------------------------------------------------------------------------+
; Multiplexer Restructuring Statistics (Restructuring Performed)                                                                                             ;
+--------------------+-----------+---------------+----------------------+------------------------+------------+----------------------------------------------+
; Multiplexer Inputs ; Bus Width ; Baseline Area ; Area if Restructured ; Saving if Restructured ; Registered ; Example Multiplexer Output                   ;
+--------------------+-----------+---------------+----------------------+------------------------+------------+----------------------------------------------+
; 5:1                ; 3 bits    ; 9 LEs         ; 3 LEs                ; 6 LEs                  ; Yes        ; |top_module|spi_master:spi_unit|bit_count[2] ;
+--------------------+-----------+---------------+----------------------+------------------------+------------+----------------------------------------------+


+-------------------------------------------------------------------------------------------------------------+
; Source assignments for vga_display:display_unit|altsyncram:text_buffer_rtl_0|altsyncram_mpg1:auto_generated ;
+---------------------------------+--------------------+------+-----------------------------------------------+
; Assignment                      ; Value              ; From ; To                                            ;
+---------------------------------+--------------------+------+-----------------------------------------------+
; OPTIMIZE_POWER_DURING_SYNTHESIS ; NORMAL_COMPILATION ; -    ; -                                             ;
+---------------------------------+--------------------+------+-----------------------------------------------+


+--------------------------------------------------------------------------------------------------------+
; Parameter Settings for Inferred Entity Instance: vga_display:display_unit|altsyncram:text_buffer_rtl_0 ;
+------------------------------------+----------------------+--------------------------------------------+
; Parameter Name                     ; Value                ; Type                                       ;
+------------------------------------+----------------------+--------------------------------------------+
; BYTE_SIZE_BLOCK                    ; 8                    ; Untyped                                    ;
; AUTO_CARRY_CHAINS                  ; ON                   ; AUTO_CARRY                                 ;
; IGNORE_CARRY_BUFFERS               ; OFF                  ; IGNORE_CARRY                               ;
; AUTO_CASCADE_CHAINS                ; ON                   ; AUTO_CASCADE                               ;
; IGNORE_CASCADE_BUFFERS             ; OFF                  ; IGNORE_CASCADE                             ;
; WIDTH_BYTEENA                      ; 1                    ; Untyped                                    ;
; OPERATION_MODE                     ; DUAL_PORT            ; Untyped                                    ;
; WIDTH_A                            ; 4                    ; Untyped                                    ;
; WIDTHAD_A                          ; 7                    ; Untyped                                    ;
; NUMWORDS_A                         ; 80                   ; Untyped                                    ;
; OUTDATA_REG_A                      ; UNREGISTERED         ; Untyped                                    ;
; ADDRESS_ACLR_A                     ; NONE                 ; Untyped                                    ;
; OUTDATA_ACLR_A                     ; NONE                 ; Untyped                                    ;
; WRCONTROL_ACLR_A                   ; NONE                 ; Untyped                                    ;
; INDATA_ACLR_A                      ; NONE                 ; Untyped                                    ;
; BYTEENA_ACLR_A                     ; NONE                 ; Untyped                                    ;
; WIDTH_B                            ; 4                    ; Untyped                                    ;
; WIDTHAD_B                          ; 7                    ; Untyped                                    ;
; NUMWORDS_B                         ; 80                   ; Untyped                                    ;
; INDATA_REG_B                       ; CLOCK1               ; Untyped                                    ;
; WRCONTROL_WRADDRESS_REG_B          ; CLOCK1               ; Untyped                                    ;
; RDCONTROL_REG_B                    ; CLOCK1               ; Untyped                                    ;
; ADDRESS_REG_B                      ; CLOCK0               ; Untyped                                    ;
; OUTDATA_REG_B                      ; UNREGISTERED         ; Untyped                                    ;
; BYTEENA_REG_B                      ; CLOCK1               ; Untyped                                    ;
; INDATA_ACLR_B                      ; NONE                 ; Untyped                                    ;
; WRCONTROL_ACLR_B                   ; NONE                 ; Untyped                                    ;
; ADDRESS_ACLR_B                     ; NONE                 ; Untyped                                    ;
; OUTDATA_ACLR_B                     ; NONE                 ; Untyped                                    ;
; RDCONTROL_ACLR_B                   ; NONE                 ; Untyped                                    ;
; BYTEENA_ACLR_B                     ; NONE                 ; Untyped                                    ;
; WIDTH_BYTEENA_A                    ; 1                    ; Untyped                                    ;
; WIDTH_BYTEENA_B                    ; 1                    ; Untyped                                    ;
; RAM_BLOCK_TYPE                     ; AUTO                 ; Untyped                                    ;
; BYTE_SIZE                          ; 8                    ; Untyped                                    ;
; READ_DURING_WRITE_MODE_MIXED_PORTS ; OLD_DATA             ; Untyped                                    ;
; READ_DURING_WRITE_MODE_PORT_A      ; NEW_DATA_NO_NBE_READ ; Untyped                                    ;
; READ_DURING_WRITE_MODE_PORT_B      ; NEW_DATA_NO_NBE_READ ; Untyped                                    ;
; INIT_FILE                          ; UNUSED               ; Untyped                                    ;
; INIT_FILE_LAYOUT                   ; PORT_A               ; Untyped                                    ;
; MAXIMUM_DEPTH                      ; 0                    ; Untyped                                    ;
; CLOCK_ENABLE_INPUT_A               ; NORMAL               ; Untyped                                    ;
; CLOCK_ENABLE_INPUT_B               ; NORMAL               ; Untyped                                    ;
; CLOCK_ENABLE_OUTPUT_A              ; NORMAL               ; Untyped                                    ;
; CLOCK_ENABLE_OUTPUT_B              ; NORMAL               ; Untyped                                    ;
; CLOCK_ENABLE_CORE_A                ; USE_INPUT_CLKEN      ; Untyped                                    ;
; CLOCK_ENABLE_CORE_B                ; USE_INPUT_CLKEN      ; Untyped                                    ;
; ENABLE_ECC                         ; FALSE                ; Untyped                                    ;
; ECC_PIPELINE_STAGE_ENABLED         ; FALSE                ; Untyped                                    ;
; WIDTH_ECCSTATUS                    ; 3                    ; Untyped                                    ;
; DEVICE_FAMILY                      ; Cyclone IV E         ; Untyped                                    ;
; CBXI_PARAMETER                     ; altsyncram_mpg1      ; Untyped                                    ;
+------------------------------------+----------------------+--------------------------------------------+
Note: In order to hide this table in the UI and the text report file, please set the "Show Parameter Settings in Synthesis Report" option in "Analysis and Synthesis Settings -> More Settings" to "Off".


+-------------------------------------------------------------------------------------------+
; Parameter Settings for Inferred Entity Instance: vga_display:display_unit|lpm_divide:Mod0 ;
+------------------------+----------------+-------------------------------------------------+
; Parameter Name         ; Value          ; Type                                            ;
+------------------------+----------------+-------------------------------------------------+
; LPM_WIDTHN             ; 8              ; Untyped                                         ;
; LPM_WIDTHD             ; 7              ; Untyped                                         ;
; LPM_NREPRESENTATION    ; UNSIGNED       ; Untyped                                         ;
; LPM_DREPRESENTATION    ; UNSIGNED       ; Untyped                                         ;
; LPM_PIPELINE           ; 0              ; Untyped                                         ;
; LPM_REMAINDERPOSITIVE  ; TRUE           ; Untyped                                         ;
; MAXIMIZE_SPEED         ; 5              ; Untyped                                         ;
; CBXI_PARAMETER         ; lpm_divide_p9m ; Untyped                                         ;
; CARRY_CHAIN            ; MANUAL         ; Untyped                                         ;
; OPTIMIZE_FOR_SPEED     ; 5              ; Untyped                                         ;
; AUTO_CARRY_CHAINS      ; ON             ; AUTO_CARRY                                      ;
; IGNORE_CARRY_BUFFERS   ; OFF            ; IGNORE_CARRY                                    ;
; AUTO_CASCADE_CHAINS    ; ON             ; AUTO_CASCADE                                    ;
; IGNORE_CASCADE_BUFFERS ; OFF            ; IGNORE_CASCADE                                  ;
+------------------------+----------------+-------------------------------------------------+
Note: In order to hide this table in the UI and the text report file, please set the "Show Parameter Settings in Synthesis Report" option in "Analysis and Synthesis Settings -> More Settings" to "Off".


+---------------------------------------------------------------------------------------------------+
; altsyncram Parameter Settings by Entity Instance                                                  ;
+-------------------------------------------+-------------------------------------------------------+
; Name                                      ; Value                                                 ;
+-------------------------------------------+-------------------------------------------------------+
; Number of entity instances                ; 1                                                     ;
; Entity Instance                           ; vga_display:display_unit|altsyncram:text_buffer_rtl_0 ;
;     -- OPERATION_MODE                     ; DUAL_PORT                                             ;
;     -- WIDTH_A                            ; 4                                                     ;
;     -- NUMWORDS_A                         ; 80                                                    ;
;     -- OUTDATA_REG_A                      ; UNREGISTERED                                          ;
;     -- WIDTH_B                            ; 4                                                     ;
;     -- NUMWORDS_B                         ; 80                                                    ;
;     -- ADDRESS_REG_B                      ; CLOCK0                                                ;
;     -- OUTDATA_REG_B                      ; UNREGISTERED                                          ;
;     -- RAM_BLOCK_TYPE                     ; AUTO                                                  ;
;     -- READ_DURING_WRITE_MODE_MIXED_PORTS ; OLD_DATA                                              ;
+-------------------------------------------+-------------------------------------------------------+


+-------------------------------------------------------------------------+
; Port Connectivity Checks: "vga_display:display_unit|font_rom:font_unit" ;
+------------+-------+----------+-----------------------------------------+
; Port       ; Type  ; Severity ; Details                                 ;
+------------+-------+----------+-----------------------------------------+
; char[7..4] ; Input ; Info     ; Stuck at GND                            ;
+------------+-------+----------+-----------------------------------------+


+-------------------------------------------------------------------------------------------------------------------+
; Port Connectivity Checks: "vga_display:display_unit|vga_sync:sync_unit"                                           ;
+---------+--------+----------+-------------------------------------------------------------------------------------+
; Port    ; Type   ; Severity ; Details                                                                             ;
+---------+--------+----------+-------------------------------------------------------------------------------------+
; x[9..7] ; Output ; Info     ; Connected to dangling logic. Logic that only feeds a dangling port will be removed. ;
; y[9..4] ; Output ; Info     ; Connected to dangling logic. Logic that only feeds a dangling port will be removed. ;
+---------+--------+----------+-------------------------------------------------------------------------------------+


+-------------------------------+
; Elapsed Time Per Partition    ;
+----------------+--------------+
; Partition Name ; Elapsed Time ;
+----------------+--------------+
; Top            ; 00:00:01     ;
+----------------+--------------+


+-------------------------------+
; Analysis & Synthesis Messages ;
+-------------------------------+
Info: *******************************************************************
Info: Running Quartus II 64-Bit Analysis & Synthesis
    Info: Version 13.0.1 Build 232 06/12/2013 Service Pack 1 SJ Web Edition
    Info: Processing started: Sat Jun 01 12:58:42 2024
Info: Command: quartus_map --read_settings_files=on --write_settings_files=off vga_display -c vga_display
Warning (20028): Parallel compilation is not licensed and has been disabled
Info (12021): Found 1 design units, including 1 entities, in source file vga_display.v
    Info (12023): Found entity 1: vga_display
Info (12021): Found 1 design units, including 1 entities, in source file vga_sync.v
    Info (12023): Found entity 1: vga_sync
Info (12021): Found 1 design units, including 1 entities, in source file font_rom.v
    Info (12023): Found entity 1: font_rom
Warning (12019): Can't analyze file -- file output_files/clk_divider.v is missing
Warning (12019): Can't analyze file -- file output_files/spi_master.v is missing
Info (12021): Found 1 design units, including 1 entities, in source file top_module.v
    Info (12023): Found entity 1: top_module
Info (12127): Elaborating entity "top_module" for the top level hierarchy
Warning (12125): Using design file spi_master.v, which is not specified as a design file for the current project, but contains definitions for 1 design units and 1 entities in project
    Info (12023): Found entity 1: spi_master
Info (12128): Elaborating entity "spi_master" for hierarchy "spi_master:spi_unit"
Warning (10230): Verilog HDL assignment warning at spi_master.v(41): truncated value with size 32 to match size of target (3)
Info (12128): Elaborating entity "vga_display" for hierarchy "vga_display:display_unit"
Warning (10230): Verilog HDL assignment warning at vga_display.v(45): truncated value with size 32 to match size of target (7)
Warning (10230): Verilog HDL assignment warning at vga_display.v(50): truncated value with size 8 to match size of target (4)
Warning (12125): Using design file clk_divider.v, which is not specified as a design file for the current project, but contains definitions for 1 design units and 1 entities in project
    Info (12023): Found entity 1: clk_divider
Info (12128): Elaborating entity "clk_divider" for hierarchy "vga_display:display_unit|clk_divider:divider"
Info (12128): Elaborating entity "vga_sync" for hierarchy "vga_display:display_unit|vga_sync:sync_unit"
Info (12128): Elaborating entity "font_rom" for hierarchy "vga_display:display_unit|font_rom:font_unit"
Warning (276020): Inferred RAM node "vga_display:display_unit|text_buffer_rtl_0" from synchronous design logic.  Pass-through logic has been added to match the read-during-write behavior of the original design.
Info (19000): Inferred 1 megafunctions from design logic
    Info (276029): Inferred altsyncram megafunction from the following design logic: "vga_display:display_unit|text_buffer_rtl_0" 
        Info (286033): Parameter OPERATION_MODE set to DUAL_PORT
        Info (286033): Parameter WIDTH_A set to 4
        Info (286033): Parameter WIDTHAD_A set to 7
        Info (286033): Parameter NUMWORDS_A set to 80
        Info (286033): Parameter WIDTH_B set to 4
        Info (286033): Parameter WIDTHAD_B set to 7
        Info (286033): Parameter NUMWORDS_B set to 80
        Info (286033): Parameter ADDRESS_ACLR_A set to NONE
        Info (286033): Parameter OUTDATA_REG_B set to UNREGISTERED
        Info (286033): Parameter ADDRESS_ACLR_B set to NONE
        Info (286033): Parameter OUTDATA_ACLR_B set to NONE
        Info (286033): Parameter ADDRESS_REG_B set to CLOCK0
        Info (286033): Parameter INDATA_ACLR_A set to NONE
        Info (286033): Parameter WRCONTROL_ACLR_A set to NONE
        Info (286033): Parameter READ_DURING_WRITE_MODE_MIXED_PORTS set to OLD_DATA
Info (278001): Inferred 1 megafunctions from design logic
    Info (278004): Inferred divider/modulo megafunction ("lpm_divide") from the following logic: "vga_display:display_unit|Mod0"
Info (12130): Elaborated megafunction instantiation "vga_display:display_unit|altsyncram:text_buffer_rtl_0"
Info (12133): Instantiated megafunction "vga_display:display_unit|altsyncram:text_buffer_rtl_0" with the following parameter:
    Info (12134): Parameter "OPERATION_MODE" = "DUAL_PORT"
    Info (12134): Parameter "WIDTH_A" = "4"
    Info (12134): Parameter "WIDTHAD_A" = "7"
    Info (12134): Parameter "NUMWORDS_A" = "80"
    Info (12134): Parameter "WIDTH_B" = "4"
    Info (12134): Parameter "WIDTHAD_B" = "7"
    Info (12134): Parameter "NUMWORDS_B" = "80"
    Info (12134): Parameter "ADDRESS_ACLR_A" = "NONE"
    Info (12134): Parameter "OUTDATA_REG_B" = "UNREGISTERED"
    Info (12134): Parameter "ADDRESS_ACLR_B" = "NONE"
    Info (12134): Parameter "OUTDATA_ACLR_B" = "NONE"
    Info (12134): Parameter "ADDRESS_REG_B" = "CLOCK0"
    Info (12134): Parameter "INDATA_ACLR_A" = "NONE"
    Info (12134): Parameter "WRCONTROL_ACLR_A" = "NONE"
    Info (12134): Parameter "READ_DURING_WRITE_MODE_MIXED_PORTS" = "OLD_DATA"
Info (12021): Found 1 design units, including 1 entities, in source file db/altsyncram_mpg1.tdf
    Info (12023): Found entity 1: altsyncram_mpg1
Info (12130): Elaborated megafunction instantiation "vga_display:display_unit|lpm_divide:Mod0"
Info (12133): Instantiated megafunction "vga_display:display_unit|lpm_divide:Mod0" with the following parameter:
    Info (12134): Parameter "LPM_WIDTHN" = "8"
    Info (12134): Parameter "LPM_WIDTHD" = "7"
    Info (12134): Parameter "LPM_NREPRESENTATION" = "UNSIGNED"
    Info (12134): Parameter "LPM_DREPRESENTATION" = "UNSIGNED"
Info (12021): Found 1 design units, including 1 entities, in source file db/lpm_divide_p9m.tdf
    Info (12023): Found entity 1: lpm_divide_p9m
Info (12021): Found 1 design units, including 1 entities, in source file db/sign_div_unsign_ekh.tdf
    Info (12023): Found entity 1: sign_div_unsign_ekh
Info (12021): Found 1 design units, including 1 entities, in source file db/alt_u_div_g4f.tdf
    Info (12023): Found entity 1: alt_u_div_g4f
Info (12021): Found 1 design units, including 1 entities, in source file db/add_sub_7pc.tdf
    Info (12023): Found entity 1: add_sub_7pc
Info (12021): Found 1 design units, including 1 entities, in source file db/add_sub_8pc.tdf
    Info (12023): Found entity 1: add_sub_8pc
Warning (13024): Output pins are stuck at VCC or GND
    Warning (13410): Pin "mosi" is stuck at GND
Info (286030): Timing-Driven Synthesis is running
Info (144001): Generated suppressed messages file D:/Kursach/Test VGA/output_files/vga_display.map.smsg
Info (16010): Generating hard_block partition "hard_block:auto_generated_inst"
    Info (16011): Adding 0 node(s), including 0 DDIO, 0 PLL, 0 transceiver and 0 LCELL
Info (21057): Implemented 245 device resources after synthesis - the final resource count might be different
    Info (21058): Implemented 2 input pins
    Info (21059): Implemented 8 output pins
    Info (21061): Implemented 231 logic cells
    Info (21064): Implemented 4 RAM segments
Info: Quartus II 64-Bit Analysis & Synthesis was successful. 0 errors, 11 warnings
    Info: Peak virtual memory: 4606 megabytes
    Info: Processing ended: Sat Jun 01 12:58:44 2024
    Info: Elapsed time: 00:00:02
    Info: Total CPU time (on all processors): 00:00:02


+------------------------------------------+
; Analysis & Synthesis Suppressed Messages ;
+------------------------------------------+
The suppressed messages can be found in D:/Kursach/Test VGA/output_files/vga_display.map.smsg.


